<?xml version="1.0" encoding="UTF-8" ?>
<testsuite errors="0" failures="0" hostname="peter-pc" name="MyTests" skipped="0" tests="10" time="0.773" timestamp="2020-10-06T11:38:27">
  <properties>
    <property name="libs.jsp-compiler.javadoc" value="" />
    <property name="netbeans.autoupdate.country" value="US" />
    <property name="javac.test.classpath" value=":build/classes:/home/peter/netbeans-12.0/netbeans/platform/modules/ext/hamcrest-core-1.3.jar:/home/peter/netbeans-12.0/netbeans/platform/modules/ext/junit-4.12.jar" />
    <property name="libs.jsf20.maven-pom" value="" />
    <property name="javac.test.sourcepath" value="/home/peter/Documents/elte3/progtech/beadok/1/bead_egy/build/empty" />
    <property name="maven.defaultProjectBuilder.disableGlobalModelCache" value="true" />
    <property name="libs.spring-webmvc4.0.src" value="" />
    <property name="javac.includes" value="MyTests.java" />
    <property name="ant.core.lib" value="/home/peter/netbeans-12.0/netbeans/extide/ant/lib/ant.jar" />
    <property name="javadoc.windowtitle" value="" />
    <property name="libs.jsp-compilation.javadoc" value="" />
    <property name="user.dir" value="/home/peter/Documents/elte3/progtech/beadok/1/bead_egy" />
    <property name="libs.javaee-api-7.0.src" value="" />
    <property name="java.vm.version" value="25.265-b01" />
    <property name="libs.eclipselinkmodelgen.src" value="" />
    <property name="jlink.additionalmodules" value="" />
    <property name="javadoc.notree" value="false" />
    <property name="netbeans.autoupdate.version" value="1.23" />
    <property name="libs.javaee-web-api-6.0.classpath" value="/home/peter/netbeans-12.0/netbeans/enterprise/modules/ext/javaee-web-api-6.0.jar" />
    <property name="javac.profile.cmd.line.arg" value="" />
    <property name="jdk.home" value="/usr/lib/jvm/java-14-openjdk-amd64" />
    <property name="libs.javac-api.src" value="" />
    <property name="javadoc.noindex" value="false" />
    <property name="sun.os.patch.level" value="unknown" />
    <property name="do.archive+manifest.available" value="true" />
    <property name="java.vm.specification.name" value="Java Virtual Machine Specification" />
    <property name="nb.show.statistics.ui" value="usageStatisticsEnabled" />
    <property name="netbeans.autoupdate.variant" value="" />
    <property name="have.tests" value="true" />
    <property name="file.reference.junit-4.13.jar" value="test/junit-4.13.jar" />
    <property name="org.xml.sax.driver" value="com.sun.org.apache.xerces.internal.jaxp.SAXParserImpl$JAXPSAXParser" />
    <property name="libs.hamcrest.classpath" value="/home/peter/netbeans-12.0/netbeans/platform/modules/ext/hamcrest-core-1.3.jar" />
    <property name="libs.javac-api.javadoc" value="" />
    <property name="os.name" value="Linux" />
    <property name="test.class" value="MyTests" />
    <property name="jdk.gtk.version" value="2.2" />
    <property name="libs.javaee-endorsed-api-7.0.maven-pom" value="" />
    <property name="ap.proc.none.internal" value="" />
    <property name="libs.restapi.javadoc" value="" />
    <property name="libs.JWSAntTasks.maven-pom" value="" />
    <property name="libs.jstl.classpath" value="/home/peter/netbeans-12.0/netbeans/enterprise/modules/ext/jstl-impl.jar:/home/peter/netbeans-12.0/netbeans/enterprise/modules/ext/jstl-api.jar" />
    <property name="libs.testng.src" value="" />
    <property name="libs.spring-webmvc3.0.src" value="" />
    <property name="libs.restapi.classpath" value="/home/peter/netbeans-12.0/netbeans/enterprise/modules/ext/jaxrs-2.0/javax.ws.rs-api-2.0.jar" />
    <property name="java.vendor.url.bug" value="http://bugreport.sun.com/bugreport/" />
    <property name="libs.jaxb.maven-pom" value="" />
    <property name="os.arch" value="amd64" />
    <property name="libs.eclipselink.src" value="" />
    <property name="user.name" value="peter" />
    <property name="libs.jsf12.javadoc" value="/home/peter/netbeans-12.0/netbeans/enterprise/docs/javaee-doc-api.jar" />
    <property name="copylibs.rebase" value="true" />
    <property name="libs.spring-webmvc5.0.javadoc" value="" />
    <property name="libs.spring-framework500.classpath" value="/home/peter/netbeans-12.0/netbeans/platform/modules/org-apache-commons-logging.jar:/home/peter/netbeans-12.0/netbeans/java/modules/ext/cglib-2.2.jar:/home/peter/netbeans-12.0/netbeans/java/modules/ext/spring-5/spring-aop-5.2.2.RELEASE.jar:/home/peter/netbeans-12.0/netbeans/java/modules/ext/spring-5/spring-aspects-5.2.2.RELEASE.jar:/home/peter/netbeans-12.0/netbeans/java/modules/ext/spring-5/spring-beans-5.2.2.RELEASE.jar:/home/peter/netbeans-12.0/netbeans/java/modules/ext/spring-5/spring-context-5.2.2.RELEASE.jar:/home/peter/netbeans-12.0/netbeans/java/modules/ext/spring-5/spring-context-indexer-5.2.2.RELEASE.jar:/home/peter/netbeans-12.0/netbeans/java/modules/ext/spring-5/spring-context-support-5.2.2.RELEASE.jar:/home/peter/netbeans-12.0/netbeans/java/modules/ext/spring-5/spring-core-5.2.2.RELEASE.jar:/home/peter/netbeans-12.0/netbeans/java/modules/ext/spring-5/spring-expression-5.2.2.RELEASE.jar:/home/peter/netbeans-12.0/netbeans/java/modules/ext/spring-5/spring-instrument-5.2.2.RELEASE.jar:/home/peter/netbeans-12.0/netbeans/java/modules/ext/spring-5/spring-jcl-5.2.2.RELEASE.jar:/home/peter/netbeans-12.0/netbeans/java/modules/ext/spring-5/spring-jdbc-5.2.2.RELEASE.jar:/home/peter/netbeans-12.0/netbeans/java/modules/ext/spring-5/spring-jms-5.2.2.RELEASE.jar:/home/peter/netbeans-12.0/netbeans/java/modules/ext/spring-5/spring-messaging-5.2.2.RELEASE.jar:/home/peter/netbeans-12.0/netbeans/java/modules/ext/spring-5/spring-orm-5.2.2.RELEASE.jar:/home/peter/netbeans-12.0/netbeans/java/modules/ext/spring-5/spring-oxm-5.2.2.RELEASE.jar:/home/peter/netbeans-12.0/netbeans/java/modules/ext/spring-5/spring-test-5.2.2.RELEASE.jar:/home/peter/netbeans-12.0/netbeans/java/modules/ext/spring-5/spring-tx-5.2.2.RELEASE.jar:/home/peter/netbeans-12.0/netbeans/java/modules/ext/spring-5/spring-web-5.2.2.RELEASE.jar:/home/peter/netbeans-12.0/netbeans/java/modules/ext/spring-5/spring-webflux-5.2.2.RELEASE.jar:/home/peter/netbeans-12.0/netbeans/java/modules/ext/spring-5/spring-webmvc-5.2.2.RELEASE.jar:/home/peter/netbeans-12.0/netbeans/java/modules/ext/spring-5/spring-websocket-5.2.2.RELEASE.jar" />
    <property name="libs.spring-webmvc3.0.maven-pom" value="" />
    <property name="sun.java.command" value="org.apache.tools.ant.taskdefs.optional.junit.JUnitTestRunner MyTests skipNonTests=false filtertrace=true haltOnError=false haltOnFailure=false showoutput=true outputtoformatters=true logfailedtests=true threadid=0 logtestlistenerevents=true formatter=org.apache.tools.ant.taskdefs.optional.junit.BriefJUnitResultFormatter formatter=org.apache.tools.ant.taskdefs.optional.junit.XMLJUnitResultFormatter,/home/peter/Documents/elte3/progtech/beadok/1/bead_egy/build/test/results/TEST-MyTests.xml crashfile=/home/peter/Documents/elte3/progtech/beadok/1/bead_egy/build/junitvmwatcher717631933671356296.properties propsfile=/home/peter/Documents/elte3/progtech/beadok/1/bead_egy/build/junit6506137838815534515.properties" />
    <property name="build.classes.dir" value="build/classes" />
    <property name="build.sysclasspath" value="ignore" />
    <property name="manifest.encoding" value="UTF-8" />
    <property name="ap.supported.internal" value="true" />
    <property name="java.failonerror" value="true" />
    <property name="libs.javaee-api-8.0.maven-pom" value="" />
    <property name="run.modulepath" value="" />
    <property name="libs.javaee-endorsed-api-7.0.javadoc" value="/home/peter/netbeans-12.0/netbeans/enterprise/docs/javaee-doc-api.jar" />
    <property name="ant.file.type.bead_egy-impl" value="file" />
    <property name="libs.jaxws21.javadoc" value="/home/peter/netbeans-12.0/netbeans/java/docs/jaxws-api-doc.zip" />
    <property name="jdk.debug" value="release" />
    <property name="libs.spring-webmvc4.0.javadoc" value="" />
    <property name="includes" value="**" />
    <property name="user.country" value="US" />
    <property name="manifest.file" value="manifest.mf" />
    <property name="javadoc.encoding" value="UTF-8" />
    <property name="platform.home" value="/usr/lib/jvm/java-8-openjdk-amd64" />
    <property name="javac.classpath" value="" />
    <property name="libs.jsp-compilation-syscp.src" value="" />
    <property name="libs.spring-framework400.classpath" value="/home/peter/netbeans-12.0/netbeans/platform/modules/org-apache-commons-logging.jar:/home/peter/netbeans-12.0/netbeans/java/modules/ext/cglib-2.2.jar:/home/peter/netbeans-12.0/netbeans/java/modules/ext/spring-4/spring-aop-4.3.25.RELEASE.jar:/home/peter/netbeans-12.0/netbeans/java/modules/ext/spring-4/spring-aspects-4.3.25.RELEASE.jar:/home/peter/netbeans-12.0/netbeans/java/modules/ext/spring-4/spring-beans-4.3.25.RELEASE.jar:/home/peter/netbeans-12.0/netbeans/java/modules/ext/spring-4/spring-context-4.3.25.RELEASE.jar:/home/peter/netbeans-12.0/netbeans/java/modules/ext/spring-4/spring-context-support-4.3.25.RELEASE.jar:/home/peter/netbeans-12.0/netbeans/java/modules/ext/spring-4/spring-core-4.3.25.RELEASE.jar:/home/peter/netbeans-12.0/netbeans/java/modules/ext/spring-4/spring-expression-4.3.25.RELEASE.jar:/home/peter/netbeans-12.0/netbeans/java/modules/ext/spring-4/spring-instrument-4.3.25.RELEASE.jar:/home/peter/netbeans-12.0/netbeans/java/modules/ext/spring-4/spring-instrument-tomcat-4.3.25.RELEASE.jar:/home/peter/netbeans-12.0/netbeans/java/modules/ext/spring-4/spring-jdbc-4.3.25.RELEASE.jar:/home/peter/netbeans-12.0/netbeans/java/modules/ext/spring-4/spring-jms-4.3.25.RELEASE.jar:/home/peter/netbeans-12.0/netbeans/java/modules/ext/spring-4/spring-messaging-4.3.25.RELEASE.jar:/home/peter/netbeans-12.0/netbeans/java/modules/ext/spring-4/spring-orm-4.3.25.RELEASE.jar:/home/peter/netbeans-12.0/netbeans/java/modules/ext/spring-4/spring-oxm-4.3.25.RELEASE.jar:/home/peter/netbeans-12.0/netbeans/java/modules/ext/spring-4/spring-test-4.3.25.RELEASE.jar:/home/peter/netbeans-12.0/netbeans/java/modules/ext/spring-4/spring-tx-4.3.25.RELEASE.jar:/home/peter/netbeans-12.0/netbeans/java/modules/ext/spring-4/spring-web-4.3.25.RELEASE.jar:/home/peter/netbeans-12.0/netbeans/java/modules/ext/spring-4/spring-webmvc-4.3.25.RELEASE.jar:/home/peter/netbeans-12.0/netbeans/java/modules/ext/spring-4/spring-webmvc-portlet-4.3.25.RELEASE.jar:/home/peter/netbeans-12.0/netbeans/java/modules/ext/spring-4/spring-websocket-4.3.25.RELEASE.jar" />
    <property name="platform.bootcp" value="/usr/lib/jvm/java-8-openjdk-amd64/jre/lib/resources.jar:/usr/lib/jvm/java-8-openjdk-amd64/jre/lib/rt.jar:/usr/lib/jvm/java-8-openjdk-amd64/jre/lib/sunrsasign.jar:/usr/lib/jvm/java-8-openjdk-amd64/jre/lib/jsse.jar:/usr/lib/jvm/java-8-openjdk-amd64/jre/lib/jce.jar:/usr/lib/jvm/java-8-openjdk-amd64/jre/lib/charsets.jar:/usr/lib/jvm/java-8-openjdk-amd64/jre/lib/jfr.jar:/usr/lib/jvm/java-8-openjdk-amd64/jre/classes:/usr/lib/jvm/java-8-openjdk-amd64/jre/lib/ext/sunpkcs11.jar:/usr/lib/jvm/java-8-openjdk-amd64/jre/lib/ext/icedtea-sound.jar:/usr/lib/jvm/java-8-openjdk-amd64/jre/lib/ext/localedata.jar:/usr/lib/jvm/java-8-openjdk-amd64/jre/lib/ext/zipfs.jar:/usr/lib/jvm/java-8-openjdk-amd64/jre/lib/ext/jaccess.jar:/usr/lib/jvm/java-8-openjdk-amd64/jre/lib/ext/sunjce_provider.jar:/usr/lib/jvm/java-8-openjdk-amd64/jre/lib/ext/nashorn.jar:/usr/lib/jvm/java-8-openjdk-amd64/jre/lib/ext/dnsns.jar:/usr/lib/jvm/java-8-openjdk-amd64/jre/lib/ext/sunec.jar:/usr/lib/jvm/java-8-openjdk-amd64/jre/lib/ext/java-atk-wrapper.jar:/usr/lib/jvm/java-8-openjdk-amd64/jre/lib/ext/cldrdata.jar" />
    <property name="debug-transport" value="dt_socket" />
    <property name="netbeans.home" value="/home/peter/netbeans-12.0/netbeans/platform" />
    <property name="build.compiler.emacs" value="true" />
    <property name="libs.javaee-web-api-6.0.src" value="" />
    <property name="libs.jsp-compilation-syscp.classpath" value="/home/peter/netbeans-12.0/netbeans/extide/ant/lib/ant.jar:/home/peter/netbeans-12.0/netbeans/enterprise/modules/ext/servlet3.1-jsp2.3-api.jar:/home/peter/netbeans-12.0/netbeans/enterprise/modules/ext/glassfish-jspparser-4.0.jar:/home/peter/netbeans-12.0/netbeans/enterprise/modules/ext/jstl-impl.jar:/home/peter/netbeans-12.0/netbeans/enterprise/modules/ext/jsf-2_2/javax.faces.jar" />
    <property name="javac.modulepath" value="" />
    <property name="java.endorsed.dirs" value="/usr/lib/jvm/java-8-openjdk-amd64/jre/lib/endorsed" />
    <property name="libs.groovy-all.src" value="" />
    <property name="libs.junit_5.src" value="/home/peter/netbeans-12.0/netbeans/platform/docs/junit-jupiter-api-5.6.0-sources.jar:/home/peter/netbeans-12.0/netbeans/platform/docs/junit-jupiter-params-5.6.0-sources.jar:/home/peter/netbeans-12.0/netbeans/platform/docs/junit-jupiter-engine-5.6.0-sources.jar" />
    <property name="test.includes" value="MyTests.java" />
    <property name="netbeans.dynamic.classpath" value="/home/peter/netbeans-12.0/netbeans/platform/core/asm-commons-7.2.jar:/home/peter/netbeans-12.0/netbeans/platform/core/org-openide-filesystems.jar:/home/peter/netbeans-12.0/netbeans/platform/core/core.jar:/home/peter/netbeans-12.0/netbeans/platform/core/core-base.jar:/home/peter/netbeans-12.0/netbeans/platform/core/org-netbeans-libs-asm.jar:/home/peter/netbeans-12.0/netbeans/platform/core/org-openide-filesystems-compat8.jar:/home/peter/netbeans-12.0/netbeans/platform/core/asm-7.2.jar:/home/peter/netbeans-12.0/netbeans/platform/core/asm-tree-7.2.jar:/home/peter/netbeans-12.0/netbeans/nb/core/org-netbeans-upgrader.jar:/home/peter/netbeans-12.0/netbeans/nb/core/locale/core_nb.jar" />
    <property name="libs.maven-dependencies.classpath" value="/home/peter/netbeans-12.0/netbeans/enterprise/modules/ext/javaee6-endorsed/javax.annotation.jar:/home/peter/netbeans-12.0/netbeans/enterprise/modules/ext/javaee6-endorsed/jaxb-api-osgi.jar:/home/peter/netbeans-12.0/netbeans/enterprise/modules/ext/javaee6-endorsed/webservices-api-osgi.jar" />
    <property name="java.vm.specification.version" value="1.8" />
    <property name="plugin.manager.check.updates" value="false" />
    <property name="libs.primefaces.classpath" value="/home/peter/netbeans-12.0/netbeans/enterprise/modules/ext/primefaces/primefaces-5.0.jar" />
    <property name="libs.javaee-api-6.0.classpath" value="/home/peter/netbeans-12.0/netbeans/enterprise/modules/ext/javaee-api-6.0.jar" />
    <property name="libs.groovy-all.maven-pom" value="" />
    <property name="netbeans.productversion" value="Apache NetBeans IDE 12.0" />
    <property name="libs.jaxws21.src" value="" />
    <property name="application.title" value="bead_egy" />
    <property name="do.archive" value="true" />
    <property name="libs.spring-webmvc5.0.classpath" value="/home/peter/netbeans-12.0/netbeans/java/modules/ext/spring-5/spring-webmvc-5.2.2.RELEASE.jar" />
    <property name="netbeans.autoupdate.language" value="en" />
    <property name="java.vendor" value="Private Build" />
    <property name="libs.javaee-api-6.0.javadoc" value="/home/peter/netbeans-12.0/netbeans/enterprise/docs/javaee-doc-api.jar" />
    <property name="sun.font.fontmanager" value="sun.awt.X11FontManager" />
    <property name="jar.index.metainf" value="false" />
    <property name="javac.debug" value="true" />
    <property name="javadoc.splitindex" value="true" />
    <property name="file.separator" value="/" />
    <property name="javac.includesfile.binary" value="/home/peter/Documents/elte3/progtech/beadok/1/bead_egy/null1597565802" />
    <property name="libs.junit_4.maven-pom" value="" />
    <property name="mkdist.disabled" value="false" />
    <property name="javac.test.processorpath" value=":build/classes:/home/peter/netbeans-12.0/netbeans/platform/modules/ext/hamcrest-core-1.3.jar:/home/peter/netbeans-12.0/netbeans/platform/modules/ext/junit-4.12.jar" />
    <property name="netbeans.buildnumber" value="12.0-631bd69cd6112b1cc4c892c24e3e605b1ba04241" />
    <property name="libs.JWSAntTasks.javadoc" value="" />
    <property name="build.generated.sources.dir" value="build/generated-sources" />
    <property name="libs.eclipselinkmodelgen.classpath" value="/home/peter/netbeans-12.0/netbeans/java/modules/ext/eclipselink/org.eclipse.persistence.jpa.modelgen.processor-2.5.2.jar" />
    <property name="libs.javaee-endorsed-api-7.0.src" value="" />
    <property name="sun.java.launcher" value="SUN_STANDARD" />
    <property name="libs.jaxb.javadoc" value="/home/peter/netbeans-12.0/netbeans/ide/docs/jaxb-api-doc.jar" />
    <property name="libs.struts.classpath" value="/home/peter/netbeans-12.0/netbeans/enterprise/modules/ext/struts/antlr-2.7.2.jar:/home/peter/netbeans-12.0/netbeans/enterprise/modules/ext/struts/bsf-2.3.0.jar:/home/peter/netbeans-12.0/netbeans/enterprise/modules/ext/struts/commons-beanutils-1.8.0.jar:/home/peter/netbeans-12.0/netbeans/enterprise/modules/ext/struts/commons-chain-1.2.jar:/home/peter/netbeans-12.0/netbeans/enterprise/modules/ext/struts/commons-digester-1.8.jar:/home/peter/netbeans-12.0/netbeans/enterprise/modules/ext/struts/commons-fileupload-1.1.1.jar:/home/peter/netbeans-12.0/netbeans/enterprise/modules/ext/struts/commons-io-1.1.jar:/home/peter/netbeans-12.0/netbeans/enterprise/modules/ext/struts/commons-logging-1.0.4.jar:/home/peter/netbeans-12.0/netbeans/enterprise/modules/ext/struts/commons-validator-1.3.1.jar:/home/peter/netbeans-12.0/netbeans/enterprise/modules/ext/struts/jstl-1.0.2.jar:/home/peter/netbeans-12.0/netbeans/enterprise/modules/ext/struts/oro-2.0.8.jar:/home/peter/netbeans-12.0/netbeans/enterprise/modules/ext/struts/standard-1.0.6.jar:/home/peter/netbeans-12.0/netbeans/enterprise/modules/ext/struts/struts-core-1.3.10.jar:/home/peter/netbeans-12.0/netbeans/enterprise/modules/ext/struts/struts-el-1.3.10.jar:/home/peter/netbeans-12.0/netbeans/enterprise/modules/ext/struts/struts-extras-1.3.10.jar:/home/peter/netbeans-12.0/netbeans/enterprise/modules/ext/struts/struts-faces-1.3.10.jar:/home/peter/netbeans-12.0/netbeans/enterprise/modules/ext/struts/struts-mailreader-dao-1.3.10.jar:/home/peter/netbeans-12.0/netbeans/enterprise/modules/ext/struts/struts-scripting-1.3.10.jar:/home/peter/netbeans-12.0/netbeans/enterprise/modules/ext/struts/struts-taglib-1.3.10.jar:/home/peter/netbeans-12.0/netbeans/enterprise/modules/ext/struts/struts-tiles-1.3.10.jar" />
    <property name="org.openide.awt.SwingBrowserImpl.do-not-block-awt" value="false" />
    <property name="javac.includes.binary" value="/home/peter/Documents/elte3/progtech/beadok/1/bead_egy/build/test/classes/MyTests.class" />
    <property name="ant.home" value="/home/peter/netbeans-12.0/netbeans/extide/ant" />
    <property name="libs.junit_4.src" value="/home/peter/netbeans-12.0/netbeans/platform/docs/junit-4.12-sources.jar" />
    <property name="libs.testng.classpath" value="/home/peter/netbeans-12.0/netbeans/platform/modules/ext/testng-6.8.1-dist.jar" />
    <property name="libs.absolutelayout.maven-pom" value="" />
    <property name="ant.java.version" value="14" />
    <property name="java.library.path" value="/usr/java/packages/lib/amd64:/usr/lib/x86_64-linux-gnu/jni:/lib/x86_64-linux-gnu:/usr/lib/x86_64-linux-gnu:/usr/lib/jni:/lib:/usr/lib" />
    <property name="javadoc.author" value="false" />
    <property name="libs.metro.maven-pom" value="" />
    <property name="java.util.logging.config.class" value="org.netbeans.core.startup.TopLogging" />
    <property name="libs.spring-framework400.src" value="" />
    <property name="libs.PostgreSQLDriver.src" value="" />
    <property name="libs.spring-framework500.javadoc" value="" />
    <property name="sun.arch.data.model" value="64" />
    <property name="basedir" value="/home/peter/Documents/elte3/progtech/beadok/1/bead_egy" />
    <property name="libs.jpa20-persistence.maven-pom" value="" />
    <property name="jar.compress" value="false" />
    <property name="libs.javaee-web-api-7.0.classpath" value="/home/peter/netbeans-12.0/netbeans/enterprise/modules/ext/javaee-web-api-7.0.jar" />
    <property name="path.separator" value=":" />
    <property name="libs.javaee-web-api-6.0.javadoc" value="/home/peter/netbeans-12.0/netbeans/enterprise/docs/javaee-doc-api.jar" />
    <property name="ant.junit.enabletestlistenerevents" value="true" />
    <property name="platform.javac" value="/usr/lib/jvm/java-8-openjdk-amd64/bin/javac" />
    <property name="sun.io.unicode.encoding" value="UnicodeLittle" />
    <property name="libs.jaxws21.classpath" value="/home/peter/netbeans-12.0/netbeans/ide/modules/ext/jaxb/jaxb-impl.jar:/home/peter/netbeans-12.0/netbeans/ide/modules/ext/jaxb/jaxb-xjc.jar:/home/peter/netbeans-12.0/netbeans/java/modules/ext/jaxws22/FastInfoset.jar:/home/peter/netbeans-12.0/netbeans/java/modules/ext/jaxws22/gmbal-api-only.jar:/home/peter/netbeans-12.0/netbeans/java/modules/ext/jaxws22/ha-api.jar:/home/peter/netbeans-12.0/netbeans/java/modules/ext/jaxws22/javax.mail_1.4.jar:/home/peter/netbeans-12.0/netbeans/java/modules/ext/jaxws22/jaxws-rt.jar:/home/peter/netbeans-12.0/netbeans/java/modules/ext/jaxws22/jaxws-tools.jar:/home/peter/netbeans-12.0/netbeans/java/modules/ext/jaxws22/management-api.jar:/home/peter/netbeans-12.0/netbeans/java/modules/ext/jaxws22/mimepull.jar:/home/peter/netbeans-12.0/netbeans/java/modules/ext/jaxws22/policy.jar:/home/peter/netbeans-12.0/netbeans/java/modules/ext/jaxws22/saaj-impl.jar:/home/peter/netbeans-12.0/netbeans/java/modules/ext/jaxws22/stax-ex.jar:/home/peter/netbeans-12.0/netbeans/java/modules/ext/jaxws22/stax2-api.jar:/home/peter/netbeans-12.0/netbeans/java/modules/ext/jaxws22/streambuffer.jar:/home/peter/netbeans-12.0/netbeans/java/modules/ext/jaxws22/woodstox-core-asl.jar:/home/peter/netbeans-12.0/netbeans/java/modules/ext/jaxws22/api/jaxws-api.jar:/home/peter/netbeans-12.0/netbeans/java/modules/ext/jaxws22/api/jsr181-api.jar:/home/peter/netbeans-12.0/netbeans/java/modules/ext/jaxws22/api/javax.annotation.jar:/home/peter/netbeans-12.0/netbeans/java/modules/ext/jaxws22/api/saaj-api.jar:/home/peter/netbeans-12.0/netbeans/ide/modules/ext/jaxb/activation.jar:/home/peter/netbeans-12.0/netbeans/ide/modules/ext/jaxb/api/jaxb-api.jar" />
    <property name="dist.jlink.output" value="dist/jlink/bead_egy" />
    <property name="libs.struts.src" value="" />
    <property name="compile.on.save" value="true" />
    <property name="apple.awt.graphics.UseQuartz" value="true" />
    <property name="user.language" value="en" />
    <property name="testng.mode" value="testng" />
    <property name="libs.JAXB-ENDORSED.maven-pom" value="" />
    <property name="libs.eclipselink.maven-pom" value="" />
    <property name="org.netbeans.io.suspend" value="0" />
    <property name="application.vendor" value="peter" />
    <property name="test.binaryincludes" value="&lt;nothing&gt;" />
    <property name="manifest.available" value="true" />
    <property name="libs.primefaces.javadoc" value="" />
    <property name="libs.spring-framework300.maven-pom" value="" />
    <property name="run.test.classpath" value="test/hamcrest-core-1.3.jar::build/classes:/home/peter/netbeans-12.0/netbeans/platform/modules/ext/hamcrest-core-1.3.jar:/home/peter/netbeans-12.0/netbeans/platform/modules/ext/junit-4.12.jar:build/test/classes:test/junit-4.13.jar" />
    <property name="ant.project.invoked-targets" value="test-single" />
    <property name="test.binaryexcludes" value="" />
    <property name="sun.java2d.dpiaware" value="true" />
    <property name="https.nonProxyHosts" value="localhost|127.0.0.1|peter-pc" />
    <property name="libs.PostgreSQLDriver.maven-pom" value="" />
    <property name="java.class.version" value="52.0" />
    <property name="libs.eclipselink.javadoc" value="/home/peter/netbeans-12.0/netbeans/java/modules/ext/docs/javax.persistence-2.1.0-doc.zip" />
    <property name="platforms.JDK_1.8.compiler" value="modern" />
    <property name="libs.jsp-compilation.maven-pom" value="" />
    <property name="user.properties.file" value="/home/peter/.netbeans/12.0/build.properties" />
    <property name="runtime.encoding" value="UTF-8" />
    <property name="libs.javac-api.maven-pom" value="" />
    <property name="file.encoding.pkg" value="sun.io" />
    <property name="sun.cpu.endian" value="little" />
    <property name="libs.JAXB-ENDORSED.javadoc" value="" />
    <property name="libs.JWSAntTasks.classpath" value="/home/peter/netbeans-12.0/netbeans/java/ant/extra/org-netbeans-modules-javawebstart-anttasks.jar" />
    <property name="libs.spring-webmvc4.0.maven-pom" value="" />
    <property name="libs.spring-framework300.src" value="" />
    <property name="libs.jstl.src" value="" />
    <property name="empty.dir" value="/home/peter/Documents/elte3/progtech/beadok/1/bead_egy/build/empty" />
    <property name="test.binarytestincludes" value="" />
    <property name="javadoc.preview" value="true" />
    <property name="libs.jpa20-persistence.javadoc" value="/home/peter/netbeans-12.0/netbeans/java/modules/ext/docs/javax.persistence-2.1.0-doc.zip" />
    <property name="java.home" value="/usr/lib/jvm/java-8-openjdk-amd64/jre" />
    <property name="libs.jsp-compilation.src" value="" />
    <property name="debug.test.classpath" value="test/hamcrest-core-1.3.jar::build/classes:/home/peter/netbeans-12.0/netbeans/platform/modules/ext/hamcrest-core-1.3.jar:/home/peter/netbeans-12.0/netbeans/platform/modules/ext/junit-4.12.jar:build/test/classes:test/junit-4.13.jar" />
    <property name="libs.javaee-api-6.0.src" value="" />
    <property name="netbeans.importclass" value="org.netbeans.upgrade.AutoUpgrade" />
    <property name="ant.project.default-target" value="default" />
    <property name="annotation.processing.run.all.processors" value="true" />
    <property name="libs.PostgreSQLDriver.javadoc" value="" />
    <property name="libs.restlib.classpath" value="/home/peter/netbeans-12.0/netbeans/enterprise/modules/ext/jersey2/ext/asm-all-repackaged-2.2.0-b21.jar:/home/peter/netbeans-12.0/netbeans/enterprise/modules/ext/jersey2/ext/cglib-2.2.0-b21.jar:/home/peter/netbeans-12.0/netbeans/enterprise/modules/ext/jersey2/ext/guava-14.0.1.jar:/home/peter/netbeans-12.0/netbeans/enterprise/modules/ext/jersey2/ext/hk2-api-2.2.0-b21.jar:/home/peter/netbeans-12.0/netbeans/enterprise/modules/ext/jersey2/ext/hk2-locator-2.2.0-b21.jar:/home/peter/netbeans-12.0/netbeans/enterprise/modules/ext/jersey2/ext/hk2-utils-2.2.0-b21.jar:/home/peter/netbeans-12.0/netbeans/enterprise/modules/ext/jersey2/ext/javax.annotation-api-1.2.jar:/home/peter/netbeans-12.0/netbeans/enterprise/modules/ext/jersey2/ext/javax.inject-2.2.0-b21.jar:/home/peter/netbeans-12.0/netbeans/enterprise/modules/ext/jersey2/ext/javax.servlet-api-3.0.1.jar:/home/peter/netbeans-12.0/netbeans/enterprise/modules/ext/jersey2/ext/jaxb-api-2.2.7.jar:/home/peter/netbeans-12.0/netbeans/enterprise/modules/ext/jersey2/ext/jersey-entity-filtering-2.5.1.jar:/home/peter/netbeans-12.0/netbeans/enterprise/modules/ext/jersey2/ext/jersey-media-moxy-2.5.1.jar:/home/peter/netbeans-12.0/netbeans/enterprise/modules/ext/jersey2/ext/org.osgi.core-4.2.0.jar:/home/peter/netbeans-12.0/netbeans/enterprise/modules/ext/jersey2/ext/osgi-resource-locator-1.0.1.jar:/home/peter/netbeans-12.0/netbeans/enterprise/modules/ext/jersey2/ext/persistence-api-1.0.jar:/home/peter/netbeans-12.0/netbeans/enterprise/modules/ext/jersey2/ext/validation-api-1.1.0.Final.jar:/home/peter/netbeans-12.0/netbeans/enterprise/modules/ext/jersey2/jersey-client.jar:/home/peter/netbeans-12.0/netbeans/enterprise/modules/ext/jersey2/jersey-common.jar:/home/peter/netbeans-12.0/netbeans/enterprise/modules/ext/jersey2/jersey-container-servlet.jar:/home/peter/netbeans-12.0/netbeans/enterprise/modules/ext/jersey2/jersey-container-servlet-core.jar:/home/peter/netbeans-12.0/netbeans/enterprise/modules/ext/jersey2/jersey-server.jar:/home/peter/netbeans-12.0/netbeans/java/modules/ext/eclipselink/org.eclipse.persistence.core-2.5.2.jar:/home/peter/netbeans-12.0/netbeans/java/modules/ext/eclipselink/org.eclipse.persistence.asm-2.5.2.jar:/home/peter/netbeans-12.0/netbeans/java/modules/ext/eclipselink/org.eclipse.persistence.antlr-2.5.2.jar:/home/peter/netbeans-12.0/netbeans/java/modules/ext/eclipselink/org.eclipse.persistence.jpa-2.5.2.jar:/home/peter/netbeans-12.0/netbeans/java/modules/ext/eclipselink/org.eclipse.persistence.jpa.jpql-2.5.2.jar" />
    <property name="netbeans.extbrowser.manual_chrome_plugin_install" value="yes" />
    <property name="http.nonProxyHosts" value="localhost|127.0.0.1|peter-pc" />
    <property name="libs.junit_4.javadoc" value="/home/peter/netbeans-12.0/netbeans/platform/docs/junit-4.12-javadoc.jar" />
    <property name="platforms.JDK_1.8.bootclasspath" value="/usr/lib/jvm/java-8-openjdk-amd64/jre/lib/resources.jar:/usr/lib/jvm/java-8-openjdk-amd64/jre/lib/rt.jar:/usr/lib/jvm/java-8-openjdk-amd64/jre/lib/sunrsasign.jar:/usr/lib/jvm/java-8-openjdk-amd64/jre/lib/jsse.jar:/usr/lib/jvm/java-8-openjdk-amd64/jre/lib/jce.jar:/usr/lib/jvm/java-8-openjdk-amd64/jre/lib/charsets.jar:/usr/lib/jvm/java-8-openjdk-amd64/jre/lib/jfr.jar:/usr/lib/jvm/java-8-openjdk-amd64/jre/classes:/usr/lib/jvm/java-8-openjdk-amd64/jre/lib/ext/sunpkcs11.jar:/usr/lib/jvm/java-8-openjdk-amd64/jre/lib/ext/icedtea-sound.jar:/usr/lib/jvm/java-8-openjdk-amd64/jre/lib/ext/localedata.jar:/usr/lib/jvm/java-8-openjdk-amd64/jre/lib/ext/zipfs.jar:/usr/lib/jvm/java-8-openjdk-amd64/jre/lib/ext/jaccess.jar:/usr/lib/jvm/java-8-openjdk-amd64/jre/lib/ext/sunjce_provider.jar:/usr/lib/jvm/java-8-openjdk-amd64/jre/lib/ext/nashorn.jar:/usr/lib/jvm/java-8-openjdk-amd64/jre/lib/ext/dnsns.jar:/usr/lib/jvm/java-8-openjdk-amd64/jre/lib/ext/sunec.jar:/usr/lib/jvm/java-8-openjdk-amd64/jre/lib/ext/java-atk-wrapper.jar:/usr/lib/jvm/java-8-openjdk-amd64/jre/lib/ext/cldrdata.jar" />
    <property name="javac.test.modulepath" value="" />
    <property name="libs.javaee-web-api-6.0.maven-pom" value="" />
    <property name="run.classpath" value=":build/classes" />
    <property name="jna.boot.library.name" value="jnidispatch-nb" />
    <property name="libs.javaee-api-7.0.classpath" value="/home/peter/netbeans-12.0/netbeans/enterprise/modules/ext/javaee-api-7.0.jar" />
    <property name="sun.awt.datatransfer.timeout" value="1000" />
    <property name="libs.spring-webmvc3.0.javadoc" value="" />
    <property name="annotation.processing.enabled.in.editor" value="false" />
    <property name="nb.native.filechooser" value="false" />
    <property name="libs.restapi.src" value="" />
    <property name="sun.management.compiler" value="HotSpot 64-Bit Tiered Compilers" />
    <property name="javac.deprecation" value="false" />
    <property name="javadoc.use" value="true" />
    <property name="sun.java2d.noddraw" value="true" />
    <property name="libs.jsp-compiler.classpath" value="/home/peter/netbeans-12.0/netbeans/enterprise/ant/extra/jspcompile.jar" />
    <property name="javac.processorpath" value="" />
    <property name="libs.hamcrest.maven-pom" value="" />
    <property name="libs.junit_5.classpath" value="/home/peter/netbeans-12.0/netbeans/platform/modules/ext/junit-jupiter-api-5.6.0.jar:/home/peter/netbeans-12.0/netbeans/platform/modules/ext/junit-jupiter-params-5.6.0.jar:/home/peter/netbeans-12.0/netbeans/platform/modules/ext/junit-jupiter-engine-5.6.0.jar" />
    <property name="javac.compilerargs" value="" />
    <property name="ant.file" value="/home/peter/Documents/elte3/progtech/beadok/1/bead_egy/build.xml" />
    <property name="libs.jsf12.classpath" value="/home/peter/netbeans-12.0/netbeans/enterprise/modules/ext/jsf-1_2/jsf-api.jar:/home/peter/netbeans-12.0/netbeans/enterprise/modules/ext/jsf-1_2/jsf-impl.jar" />
    <property name="libs.jstl.maven-pom" value="" />
    <property name="libs.restapi.maven-pom" value="" />
    <property name="java.vm.specification.vendor" value="Oracle Corporation" />
    <property name="org.openide.major.version" value="IDE/1" />
    <property name="java.vm.name" value="OpenJDK 64-Bit Server VM" />
    <property name="netbeans.user" value="/home/peter/.netbeans/12.0" />
    <property name="javadoc.additionalparam" value="" />
    <property name="java.io.tmpdir" value="/tmp" />
    <property name="java.vendor.url" value="http://java.oracle.com/" />
    <property name="endorsed.classpath.cmd.line.arg" value="" />
    <property name="jna.loaded" value="true" />
    <property name="junit.available" value="true" />
    <property name="libs.javaee-web-api-8.0.classpath" value="/home/peter/netbeans-12.0/netbeans/enterprise/modules/ext/javaee-web-api-8.0.jar" />
    <property name="do.jlink" value="false" />
    <property name="libs.jsp-compiler.src" value="" />
    <property name="sun.boot.library.path" value="/usr/lib/jvm/java-8-openjdk-amd64/jre/lib/amd64" />
    <property name="have.sources" value="true" />
    <property name="libs.hamcrest.javadoc" value="" />
    <property name="debug.classpath" value=":build/classes" />
    <property name="javac.external.vm" value="true" />
    <property name="javadoc.private" value="false" />
    <property name="test.src.dir" value="test" />
    <property name="libs.jsf20.classpath" value="/home/peter/netbeans-12.0/netbeans/enterprise/modules/ext/jsf-2_2/javax.faces.jar" />
    <property name="ap.processors.internal" value="" />
    <property name="dist.jlink.dir" value="dist/jlink" />
    <property name="libs.javaee-api-8.0.javadoc" value="/home/peter/netbeans-12.0/netbeans/enterprise/docs/javaee-doc-api.jar" />
    <property name="meta.inf.dir" value="src/META-INF" />
    <property name="javadoc.encoding.used" value="UTF-8" />
    <property name="dist.jar" value="dist/bead_egy.jar" />
    <property name="libs.spring-framework400.maven-pom" value="" />
    <property name="java.runtime.name" value="OpenJDK Runtime Environment" />
    <property name="debug.test.modulepath" value="" />
    <property name="ant.project.name" value="bead_egy" />
    <property name="libs.spring-webmvc5.0.src" value="" />
    <property name="netbeans.hash.code" value="unique=NB_EXTIDE_JAVA_PHP_WEBCOMMON_WEBEE05a6217a8-e691-4abb-a2b9-48ab52906a0f_80785aba-7091-4dab-a4e3-fa93190b27e3" />
    <property name="netbeans.default_userdir_root" value="/home/peter/.netbeans" />
    <property name="libs.jsp-compilation-syscp.maven-pom" value="" />
    <property name="platform.javadoc" value="/usr/lib/jvm/java-8-openjdk-amd64/bin/javadoc" />
    <property name="platform.javadoc.tmp" value="${platforms.JDK_1.8.javadoc}" />
    <property name="sun.cpu.isalist" value="" />
    <property name="libs.spring-framework400.javadoc" value="" />
    <property name="libs.CopyLibs.javadoc" value="" />
    <property name="platform.compiler" value="${platforms.JDK_1.8.compile}" />
    <property name="javadoc.html5" value="false" />
    <property name="org.openide.specification.version" value="6.2" />
    <property name="libs.maven-dependencies.maven-pom" value="" />
    <property name="user.home" value="/home/peter" />
    <property name="annotation.processing.processors.list" value="" />
    <property name="libs.primefaces.maven-pom" value="" />
    <property name="sun.zip.disableMemoryMapping" value="true" />
    <property name="libs.javaee-api-6.0.maven-pom" value="" />
    <property name="platform.javac.tmp" value="${platforms.JDK_1.8.javac}" />
    <property name="libs.JWSAntTasks.src" value="" />
    <property name="jar.index" value="false" />
    <property name="libs.CopyLibs.maven-pom" value="" />
    <property name="libs.spring-framework300.javadoc" value="" />
    <property name="libs.absolutelayout.javadoc" value="" />
    <property name="java.specification.name" value="Java Platform API Specification" />
    <property name="jlink.strip" value="false" />
    <property name="libs.spring-webmvc5.0.maven-pom" value="" />
    <property name="do.archive+main.class.available" value="true" />
    <property name="java.specification.vendor" value="Oracle Corporation" />
    <property name="libs.javac-api.classpath" value="" />
    <property name="java.version" value="1.8.0_265" />
    <property name="run.jvmargs.ide" value="" />
    <property name="javadoc.version" value="false" />
    <property name="javac.processormodulepath" value="" />
    <property name="org.openide.version" value="deprecated" />
    <property name="platform.java" value="/usr/lib/jvm/java-8-openjdk-amd64/bin/java" />
    <property name="source.encoding" value="UTF-8" />
    <property name="java.vm.compressedOopsMode" value="32-bit" />
    <property name="ap.cmd.line.internal" value="" />
    <property name="libs.eclipselinkmodelgen.maven-pom" value="" />
    <property name="libs.jsp-compilation-syscp.javadoc" value="" />
    <property name="libs.javaee-web-api-8.0.src" value="" />
    <property name="libs.javaee-endorsed-api-7.0.classpath" value="/home/peter/netbeans-12.0/netbeans/enterprise/modules/ext/javaee7-endorsed/javax.annotation-api.jar:/home/peter/netbeans-12.0/netbeans/enterprise/modules/ext/javaee7-endorsed/javax.xml.soap-api.jar:/home/peter/netbeans-12.0/netbeans/enterprise/modules/ext/javaee7-endorsed/jaxb-api-osgi.jar:/home/peter/netbeans-12.0/netbeans/enterprise/modules/ext/javaee7-endorsed/jaxws-api.jar:/home/peter/netbeans-12.0/netbeans/enterprise/modules/ext/javaee7-endorsed/jsr181-api.jar" />
    <property name="libs.eclipselinkmodelgen.javadoc" value="" />
    <property name="libs.metro.javadoc" value="/home/peter/netbeans-12.0/netbeans/enterprise/docs/webservices-api-javadoc.jar:/home/peter/netbeans-12.0/netbeans/enterprise/docs/webservices-extra-javadoc.jar:/home/peter/netbeans-12.0/netbeans/enterprise/docs/webservices-extra-api-javadoc.jar:/home/peter/netbeans-12.0/netbeans/enterprise/docs/webservices-rt-javadoc.jar:/home/peter/netbeans-12.0/netbeans/enterprise/docs/webservices-tools-javadoc.jar" />
    <property name="libs.struts.maven-pom" value="" />
    <property name="jnidispatch.path" value="/home/peter/.cache/JNA/temp/jna3488352867327024631.tmp" />
    <property name="netbeans.home+have.tests" value="true" />
    <property name="annotation.processing.processor.options" value="" />
    <property name="libs.testng.maven-pom" value="" />
    <property name="libs.jaxb.src" value="" />
    <property name="work.dir" value="/home/peter/Documents/elte3/progtech/beadok/1/bead_egy" />
    <property name="libs.jaxb.classpath" value="/home/peter/netbeans-12.0/netbeans/ide/modules/ext/jaxb/jaxb-impl.jar:/home/peter/netbeans-12.0/netbeans/ide/modules/ext/jaxb/jaxb-xjc.jar:/home/peter/netbeans-12.0/netbeans/ide/modules/ext/jaxb/jaxb1-impl.jar:/home/peter/netbeans-12.0/netbeans/ide/modules/ext/jaxb/activation.jar:/home/peter/netbeans-12.0/netbeans/ide/modules/ext/jaxb/api/jaxb-api.jar" />
    <property name="do.depend" value="false" />
    <property name="dist.javadoc.dir" value="dist/javadoc" />
    <property name="libs.spring-webmvc3.0.classpath" value="" />
    <property name="libs.javaee-web-api-7.0.maven-pom" value="" />
    <property name="libs.restlib.src" value="" />
    <property name="javac.source" value="1.8" />
    <property name="build.generated.dir" value="build/generated" />
    <property name="java.version.date" value="2020-04-14" />
    <property name="line.separator" value="&#xa;" />
    <property name="libs.javaee-api-8.0.classpath" value="/home/peter/netbeans-12.0/netbeans/enterprise/modules/ext/javaee-api-8.0.jar" />
    <property name="java.specification.version" value="1.8" />
    <property name="java.vm.info" value="mixed mode" />
    <property name="libs.jaxws21.maven-pom" value="" />
    <property name="nb.junit.batch" value="true" />
    <property name="junit.forkmode" value="perTest" />
    <property name="ant.file.type.bead_egy" value="file" />
    <property name="platform.java.tmp" value="${platforms.JDK_1.8.java}" />
    <property name="ant.file.bead_egy" value="/home/peter/Documents/elte3/progtech/beadok/1/bead_egy/build.xml" />
    <property name="file.reference.hamcrest-core-1.3.jar" value="test/hamcrest-core-1.3.jar" />
    <property name="sun.boot.class.path" value="/usr/lib/jvm/java-8-openjdk-amd64/jre/lib/resources.jar:/usr/lib/jvm/java-8-openjdk-amd64/jre/lib/rt.jar:/usr/lib/jvm/java-8-openjdk-amd64/jre/lib/sunrsasign.jar:/usr/lib/jvm/java-8-openjdk-amd64/jre/lib/jsse.jar:/usr/lib/jvm/java-8-openjdk-amd64/jre/lib/jce.jar:/usr/lib/jvm/java-8-openjdk-amd64/jre/lib/charsets.jar:/usr/lib/jvm/java-8-openjdk-amd64/jre/lib/jfr.jar:/usr/lib/jvm/java-8-openjdk-amd64/jre/classes" />
    <property name="javac.target" value="1.8" />
    <property name="built-jar.properties" value="/home/peter/Documents/elte3/progtech/beadok/1/bead_egy/build/built-jar.properties" />
    <property name="build.test.classes.dir" value="build/test/classes" />
    <property name="src.dir" value="src" />
    <property name="javac.test.compilerargs" value="" />
    <property name="annotation.processing.enabled" value="true" />
    <property name="libs.jsf20.src" value="" />
    <property name="libs.jpa20-persistence.src" value="" />
    <property name="libs.jsf12.src" value="" />
    <property name="libs.struts.javadoc" value="/home/peter/netbeans-12.0/netbeans/enterprise/docs/struts-1.3.10-javadoc.zip" />
    <property name="ignore.failing.tests" value="true" />
    <property name="libs.maven-dependencies.src" value="" />
    <property name="libs.javaee-web-api-7.0.src" value="" />
    <property name="libs.primefaces.src" value="" />
    <property name="dist.dir" value="dist" />
    <property name="libs.groovy-all.javadoc" value="" />
    <property name="jlink.launcher" value="true" />
    <property name="testng.debug.mode" value="" />
    <property name="libs.groovy-all.classpath" value="/home/peter/netbeans-12.0/netbeans/groovy/modules/ext/groovy.jar:/home/peter/netbeans-12.0/netbeans/groovy/modules/ext/groovy-ant.jar" />
    <property name="jlink.additionalparam" value="" />
    <property name="java.awt.printerjob" value="sun.print.PSPrinterJob" />
    <property name="default.javac.source" value="14" />
    <property name="debug-transport-by-os" value="dt_socket" />
    <property name="sun.jnu.encoding" value="UTF-8" />
    <property name="run.test.jvmargs" value="" />
    <property name="build.test.results.dir" value="build/test/results" />
    <property name="java.runtime.version" value="1.8.0_265-8u265-b01-0ubuntu2~20.04-b01" />
    <property name="jna.platform.library.path" value="/usr/lib/x86_64-linux-gnu:/lib/x86_64-linux-gnu:/usr/lib64:/lib64:/usr/lib:/lib:/lib/i386-linux-gnu:/lib32:/lib/i386-linux-gnu/i686/sse2:/lib/i386-linux-gnu/sse2:/usr/lib/x86_64-linux-gnu/libfakeroot" />
    <property name="default.javac.target" value="14" />
    <property name="libs.junit_4.classpath" value="/home/peter/netbeans-12.0/netbeans/platform/modules/ext/junit-4.12.jar" />
    <property name="user.timezone" value="" />
    <property name="nb.junit.single" value="false" />
    <property name="do.jar" value="true" />
    <property name="netbeans.dirs" value="/home/peter/netbeans-12.0/netbeans/nb:/home/peter/netbeans-12.0/netbeans/ergonomics:/home/peter/netbeans-12.0/netbeans/ide:/home/peter/netbeans-12.0/netbeans/extide:/home/peter/netbeans-12.0/netbeans/java:/home/peter/netbeans-12.0/netbeans/apisupport:/home/peter/netbeans-12.0/netbeans/webcommon:/home/peter/netbeans-12.0/netbeans/websvccommon:/home/peter/netbeans-12.0/netbeans/enterprise:/home/peter/netbeans-12.0/netbeans/mobility:/home/peter/netbeans-12.0/netbeans/profiler:/home/peter/netbeans-12.0/netbeans/python:/home/peter/netbeans-12.0/netbeans/php:/home/peter/netbeans-12.0/netbeans/identity:/home/peter/netbeans-12.0/netbeans/harness:/home/peter/netbeans-12.0/netbeans/cnd:/home/peter/netbeans-12.0/netbeans/cndext:/home/peter/netbeans-12.0/netbeans/dlight:/home/peter/netbeans-12.0/netbeans/groovy:/home/peter/netbeans-12.0/netbeans/extra:/home/peter/netbeans-12.0/netbeans/javacard:/home/peter/netbeans-12.0/netbeans/javafx:" />
    <property name="libs.spring-framework500.maven-pom" value="" />
    <property name="libs.jsf20.javadoc" value="/home/peter/netbeans-12.0/netbeans/enterprise/docs/javaee-doc-api.jar" />
    <property name="libs.jstl.javadoc" value="/home/peter/netbeans-12.0/netbeans/enterprise/docs/javaee-doc-api.jar" />
    <property name="java.ext.dirs" value="/usr/lib/jvm/java-8-openjdk-amd64/jre/lib/ext:/usr/java/packages/lib/ext" />
    <property name="libs.metro.src" value="" />
    <property name="endorsed.classpath" value="" />
    <property name="libs.absolutelayout.classpath" value="/home/peter/netbeans-12.0/netbeans/java/modules/ext/AbsoluteLayout.jar" />
    <property name="excludes" value="" />
    <property name="libs.metro.classpath" value="/home/peter/netbeans-12.0/netbeans/ide/modules/ext/jaxb/activation.jar:/home/peter/netbeans-12.0/netbeans/enterprise/modules/ext/metro/webservices-api.jar:/home/peter/netbeans-12.0/netbeans/enterprise/modules/ext/metro/webservices-extra-api.jar:/home/peter/netbeans-12.0/netbeans/enterprise/modules/ext/metro/webservices-extra.jar:/home/peter/netbeans-12.0/netbeans/enterprise/modules/ext/metro/webservices-rt.jar:/home/peter/netbeans-12.0/netbeans/enterprise/modules/ext/metro/webservices-tools.jar" />
    <property name="libs.restlib.maven-pom" value="" />
    <property name="apple.laf.useScreenMenuBar" value="true" />
    <property name="java.class.path" value="/home/peter/Documents/elte3/progtech/beadok/1/bead_egy/build/classes:/home/peter/netbeans-12.0/netbeans/platform/modules/ext/hamcrest-core-1.3.jar:/home/peter/netbeans-12.0/netbeans/platform/modules/ext/junit-4.12.jar:/home/peter/Documents/elte3/progtech/beadok/1/bead_egy/build/test/classes:/home/peter/netbeans-12.0/netbeans/extide/ant/lib/ant-launcher.jar:/home/peter/netbeans-12.0/netbeans/extide/ant/lib/ant.jar:/home/peter/netbeans-12.0/netbeans/extide/ant/lib/ant-junit.jar:/home/peter/netbeans-12.0/netbeans/extide/ant/lib/ant-junit4.jar" />
    <property name="libs.absolutelayout.src" value="" />
    <property name="libs.jpa20-persistence.classpath" value="/home/peter/netbeans-12.0/netbeans/java/modules/ext/eclipselink/javax.persistence-2.1.0.jar" />
    <property name="libs.junit_5.javadoc" value="/home/peter/netbeans-12.0/netbeans/platform/docs/junit-jupiter-api-5.6.0-javadoc.jar:/home/peter/netbeans-12.0/netbeans/platform/docs/junit-jupiter-params-5.6.0-javadoc.jar:/home/peter/netbeans-12.0/netbeans/platform/docs/junit-jupiter-engine-5.6.0-javadoc.jar" />
    <property name="libs.spring-framework500.src" value="" />
    <property name="os.version" value="5.4.0-48-generic" />
    <property name="application.args" value="" />
    <property name="libs.javaee-api-7.0.maven-pom" value="" />
    <property name="main.class.available" value="true" />
    <property name="sun.awt.enableExtraMouseButtons" value="true" />
    <property name="jlink.launcher.name" value="bead_egy" />
    <property name="libs.restlib.javadoc" value="" />
    <property name="libs.JAXB-ENDORSED.classpath" value="/home/peter/netbeans-12.0/netbeans/ide/modules/ext/jaxb/api/jaxb-api.jar" />
    <property name="nb.internal.action.name" value="test.single" />
    <property name="run.test.modulepath" value="" />
    <property name="libs.javaee-api-7.0.javadoc" value="/home/peter/netbeans-12.0/netbeans/enterprise/docs/javaee-doc-api.jar" />
    <property name="libs.eclipselink.classpath" value="/home/peter/netbeans-12.0/netbeans/java/modules/ext/eclipselink/org.eclipse.persistence.core-2.5.2.jar:/home/peter/netbeans-12.0/netbeans/java/modules/ext/eclipselink/org.eclipse.persistence.asm-2.5.2.jar:/home/peter/netbeans-12.0/netbeans/java/modules/ext/eclipselink/org.eclipse.persistence.antlr-2.5.2.jar:/home/peter/netbeans-12.0/netbeans/java/modules/ext/eclipselink/org.eclipse.persistence.jpa-2.5.2.jar:/home/peter/netbeans-12.0/netbeans/java/modules/ext/eclipselink/org.eclipse.persistence.jpa.jpql-2.5.2.jar:/home/peter/netbeans-12.0/netbeans/java/modules/ext/eclipselink/javax.persistence-2.1.0.jar" />
    <property name="java.awt.graphicsenv" value="sun.awt.X11GraphicsEnvironment" />
    <property name="java.vm.vendor" value="Private Build" />
    <property name="libs.CopyLibs.classpath" value="/home/peter/netbeans-12.0/netbeans/java/ant/extra/org-netbeans-modules-java-j2seproject-copylibstask.jar" />
    <property name="libs.javaee-api-8.0.src" value="" />
    <property name="libs.maven-dependencies.javadoc" value="/home/peter/netbeans-12.0/netbeans/enterprise/docs/javaee-doc-api.jar" />
    <property name="libs.spring-framework300.classpath" value="/home/peter/netbeans-12.0/netbeans/platform/modules/org-apache-commons-logging.jar:/home/peter/netbeans-12.0/netbeans/java/modules/ext/cglib-2.2.jar:/home/peter/netbeans-12.0/netbeans/java/modules/ext/spring-3.0/spring-aop-3.2.18.RELEASE.jar:/home/peter/netbeans-12.0/netbeans/java/modules/ext/spring-3.0/spring-aspects-3.2.18.RELEASE.jar:/home/peter/netbeans-12.0/netbeans/java/modules/ext/spring-3.0/spring-beans-3.2.18.RELEASE.jar:/home/peter/netbeans-12.0/netbeans/java/modules/ext/spring-3.0/spring-context-3.2.18.RELEASE.jar:/home/peter/netbeans-12.0/netbeans/java/modules/ext/spring-3.0/spring-context-support-3.2.18.RELEASE.jar:/home/peter/netbeans-12.0/netbeans/java/modules/ext/spring-3.0/spring-core-3.2.18.RELEASE.jar:/home/peter/netbeans-12.0/netbeans/java/modules/ext/spring-3.0/spring-expression-3.2.18.RELEASE.jar:/home/peter/netbeans-12.0/netbeans/java/modules/ext/spring-3.0/spring-instrument-3.2.18.RELEASE.jar:/home/peter/netbeans-12.0/netbeans/java/modules/ext/spring-3.0/spring-instrument-tomcat-3.2.18.RELEASE.jar:/home/peter/netbeans-12.0/netbeans/java/modules/ext/spring-3.0/spring-jdbc-3.2.18.RELEASE.jar:/home/peter/netbeans-12.0/netbeans/java/modules/ext/spring-3.0/spring-jms-3.2.18.RELEASE.jar:/home/peter/netbeans-12.0/netbeans/java/modules/ext/spring-3.0/spring-orm-3.2.18.RELEASE.jar:/home/peter/netbeans-12.0/netbeans/java/modules/ext/spring-3.0/spring-oxm-3.2.18.RELEASE.jar:/home/peter/netbeans-12.0/netbeans/java/modules/ext/spring-3.0/spring-struts-3.2.18.RELEASE.jar:/home/peter/netbeans-12.0/netbeans/java/modules/ext/spring-3.0/spring-test-3.2.18.RELEASE.jar:/home/peter/netbeans-12.0/netbeans/java/modules/ext/spring-3.0/spring-tx-3.2.18.RELEASE.jar:/home/peter/netbeans-12.0/netbeans/java/modules/ext/spring-3.0/spring-web-3.2.18.RELEASE.jar:/home/peter/netbeans-12.0/netbeans/java/modules/ext/spring-3.0/spring-webmvc-3.2.18.RELEASE.jar:/home/peter/netbeans-12.0/netbeans/java/modules/ext/spring-3.0/spring-webmvc-portlet-3.2.18.RELEASE.jar" />
    <property name="libs.jsp-compiler.maven-pom" value="" />
    <property name="libs.junit_5.maven-pom" value="" />
    <property name="libs.hamcrest.src" value="" />
    <property name="run.jvmargs" value="" />
    <property name="libs.JAXB-ENDORSED.src" value="" />
    <property name="dist.archive.excludes" value="" />
    <property name="libs.testng.javadoc" value="/home/peter/netbeans-12.0/netbeans/platform/docs/testng-6.8.1-javadoc.zip" />
    <property name="ant.file.bead_egy-impl" value="/home/peter/Documents/elte3/progtech/beadok/1/bead_egy/nbproject/build-impl.xml" />
    <property name="platforms.JDK_1.8.home" value="/usr/lib/jvm/java-8-openjdk-amd64" />
    <property name="libs.PostgreSQLDriver.classpath" value="/home/peter/netbeans-12.0/netbeans/ide/modules/ext/postgresql-42.2.10.jar" />
    <property name="libs.jsf12.maven-pom" value="" />
    <property name="annotation.processing.source.output" value="build/generated-sources/ap-source-output" />
    <property name="main.class" value="bead_egy.Main" />
    <property name="libs.CopyLibs.src" value="" />
    <property name="build.dir" value="build" />
    <property name="libs.jsp-compilation.classpath" value="/home/peter/netbeans-12.0/netbeans/extide/ant/lib/ant.jar:/home/peter/netbeans-12.0/netbeans/enterprise/modules/ext/servlet3.1-jsp2.3-api.jar:/home/peter/netbeans-12.0/netbeans/enterprise/modules/ext/glassfish-jspparser-4.0.jar:/home/peter/netbeans-12.0/netbeans/enterprise/modules/ext/jsf-2_2/javax.faces.jar:/home/peter/netbeans-12.0/netbeans/enterprise/modules/ext/jstl-api.jar:/home/peter/netbeans-12.0/netbeans/extide/ant/lib/ant-launcher.jar" />
    <property name="libs.javaee-web-api-8.0.javadoc" value="/home/peter/netbeans-12.0/netbeans/enterprise/docs/javaee-doc-api.jar" />
    <property name="debug.modulepath" value="" />
    <property name="ant.version" value="Apache Ant(TM) version 1.10.4 compiled on June 19 2018" />
    <property name="file.encoding" value="UTF-8" />
    <property name="build.classes.excludes" value="**/*.java,**/*.form" />
    <property name="javadoc.nonavbar" value="false" />
    <property name="libs.spring-webmvc4.0.classpath" value="/home/peter/netbeans-12.0/netbeans/java/modules/ext/spring-4/spring-webmvc-4.3.25.RELEASE.jar" />
    <property name="platform.active" value="JDK_1.8" />
    <property name="libs.javaee-web-api-8.0.maven-pom" value="" />
    <property name="awt.toolkit" value="sun.awt.X11.XToolkit" />
    <property name="libs.javaee-web-api-7.0.javadoc" value="/home/peter/netbeans-12.0/netbeans/enterprise/docs/javaee-doc-api.jar" />
  </properties>
  <testcase classname="MyTests" name="exampleData" time="0.023" />
  <testcase classname="MyTests" name="oneDeltaTenDays" time="0.042" />
  <testcase classname="MyTests" name="oneDeltaOneDay" time="0.011" />
  <testcase classname="MyTests" name="emptyFile" time="0.001" />
  <testcase classname="MyTests" name="onePuffancsTenDays" time="0.0" />
  <testcase classname="MyTests" name="noSuchFile" time="0.0" />
  <testcase classname="MyTests" name="oneParaOneDay" time="0.013" />
  <testcase classname="MyTests" name="oneParaTenDays" time="0.041" />
  <testcase classname="MyTests" name="onePuffancsOneDay" time="0.019" />
  <testcase classname="MyTests" name="brokenFile" time="0.006" />
  <system-out><![CDATA[0. nap:
sugarzas:nincs
Falank 7
Sudar 5
Kopcos 4
Nyulank 3

1. nap:
sugarzas:nincs
Falank 6
Sudar 4
Kopcos 3
Nyulank 2

2. nap:
sugarzas:nincs
Falank 5
Sudar 3
Kopcos 2
Nyulank 1

3. nap:
sugarzas:alfa
Falank 4
Sudar 2
Kopcos 1

4. nap:
sugarzas:alfa
Falank 6
Kopcos 2

5. nap:
sugarzas:alfa
Falank 8
Kopcos 3

6. nap:
sugarzas:alfa
Falank 10
Kopcos 4

7. nap:
sugarzas:nincs
Kopcos 5

8. nap:
sugarzas:nincs
Kopcos 4

9. nap:
sugarzas:nincs
Kopcos 3

10. nap:
sugarzas:nincs
Kopcos 2
0. nap:
sugarzas:nincs
Delta 5

1. nap:
sugarzas:delta
Delta 4

2. nap:
sugarzas:nincs
Delta 8

3. nap:
sugarzas:nincs
Delta 7

4. nap:
sugarzas:nincs
Delta 6

5. nap:
sugarzas:nincs
Delta 5

6. nap:
sugarzas:delta
Delta 4

7. nap:
sugarzas:nincs
Delta 8

8. nap:
sugarzas:nincs
Delta 7

9. nap:
sugarzas:nincs
Delta 6

10. nap:
sugarzas:nincs
Delta 5
0. nap:
sugarzas:nincs
Delta 5

1. nap:
sugarzas:delta
Delta 4
java.util.NoSuchElementException: No line found
0. nap:
sugarzas:nincs
Para 5

1. nap:
sugarzas:nincs
Para 4
0. nap:
sugarzas:nincs
Para 5

1. nap:
sugarzas:nincs
Para 4

2. nap:
sugarzas:nincs
Para 3

3. nap:
sugarzas:nincs
Para 2

4. nap:
sugarzas:nincs
Para 1

5. nap:
sugarzas:nincs

6. nap:
sugarzas:nincs

7. nap:
sugarzas:nincs

8. nap:
sugarzas:nincs

9. nap:
sugarzas:nincs

10. nap:
sugarzas:nincs
0. nap:
sugarzas:nincs
Puffancs 5

1. nap:
sugarzas:alfa
Puffancs 4
]]></system-out>
  <system-err><![CDATA[]]></system-err>
</testsuite>
